2026-03-10 18:53:48,255 [INFO] 数据库表结构就绪
2026-03-10 18:53:48,255 [INFO] =======================================================
2026-03-10 18:53:48,255 [INFO] 全量初始化开始
2026-03-10 18:53:48,900 [INFO]   股票列表 market=0  100/2885
2026-03-10 18:53:49,466 [INFO]   股票列表 market=0  200/2885
2026-03-10 18:53:50,014 [INFO]   股票列表 market=0  300/2885
2026-03-10 18:53:50,561 [INFO]   股票列表 market=0  400/2885
2026-03-10 18:53:51,128 [INFO]   股票列表 market=0  500/2885
2026-03-10 18:53:51,630 [INFO]   股票列表 market=0  600/2885
2026-03-10 18:53:52,128 [INFO]   股票列表 market=0  700/2885
2026-03-10 18:53:52,627 [INFO]   股票列表 market=0  800/2885
2026-03-10 18:53:53,164 [INFO]   股票列表 market=0  900/2885
2026-03-10 18:53:53,697 [INFO]   股票列表 market=0  1000/2885
2026-03-10 18:53:54,197 [INFO]   股票列表 market=0  1100/2885
2026-03-10 18:53:54,734 [INFO]   股票列表 market=0  1200/2885
2026-03-10 18:53:55,233 [INFO]   股票列表 market=0  1300/2885
2026-03-10 18:53:55,731 [INFO]   股票列表 market=0  1400/2885
2026-03-10 18:53:56,229 [INFO]   股票列表 market=0  1500/2885
2026-03-10 18:53:56,727 [INFO]   股票列表 market=0  1600/2885
2026-03-10 18:53:57,269 [INFO]   股票列表 market=0  1700/2885
2026-03-10 18:53:57,772 [INFO]   股票列表 market=0  1800/2885
2026-03-10 18:53:58,270 [INFO]   股票列表 market=0  1900/2885
2026-03-10 18:53:58,770 [INFO]   股票列表 market=0  2000/2885
2026-03-10 18:53:59,343 [INFO]   股票列表 market=0  2100/2885
2026-03-10 18:53:59,887 [INFO]   股票列表 market=0  2200/2885
2026-03-10 18:54:00,389 [INFO]   股票列表 market=0  2300/2885
2026-03-10 18:54:00,887 [INFO]   股票列表 market=0  2400/2885
2026-03-10 18:54:01,387 [INFO]   股票列表 market=0  2500/2885
2026-03-10 18:54:01,887 [INFO]   股票列表 market=0  2600/2885
2026-03-10 18:54:02,387 [INFO]   股票列表 market=0  2700/2885
2026-03-10 18:54:02,885 [INFO]   股票列表 market=0  2800/2885
2026-03-10 18:54:03,382 [INFO]   股票列表 market=0  2885/2885
2026-03-10 18:54:03,567 [INFO]   股票列表 market=1  100/2349
2026-03-10 18:54:04,117 [INFO]   股票列表 market=1  200/2349
2026-03-10 18:54:04,686 [INFO]   股票列表 market=1  300/2349
2026-03-10 18:54:05,222 [INFO]   股票列表 market=1  400/2349
2026-03-10 18:54:05,721 [INFO]   股票列表 market=1  500/2349
2026-03-10 18:54:06,271 [INFO]   股票列表 market=1  600/2349
2026-03-10 18:54:06,773 [INFO]   股票列表 market=1  700/2349
2026-03-10 18:54:07,272 [INFO]   股票列表 market=1  800/2349
2026-03-10 18:54:07,807 [INFO]   股票列表 market=1  900/2349
2026-03-10 18:54:08,309 [INFO]   股票列表 market=1  1000/2349
2026-03-10 18:54:08,807 [INFO]   股票列表 market=1  1100/2349
2026-03-10 18:54:09,305 [INFO]   股票列表 market=1  1200/2349
2026-03-10 18:54:09,803 [INFO]   股票列表 market=1  1300/2349
2026-03-10 18:54:10,303 [INFO]   股票列表 market=1  1400/2349
2026-03-10 18:54:10,845 [INFO]   股票列表 market=1  1500/2349
2026-03-10 18:54:11,369 [INFO]   股票列表 market=1  1600/2349
2026-03-10 18:54:11,869 [INFO]   股票列表 market=1  1700/2349
2026-03-10 18:54:12,369 [INFO]   股票列表 market=1  1800/2349
2026-03-10 18:54:12,907 [INFO]   股票列表 market=1  1900/2349
2026-03-10 18:54:13,407 [INFO]   股票列表 market=1  2000/2349
2026-03-10 18:54:13,906 [INFO]   股票列表 market=1  2100/2349
2026-03-10 18:54:14,405 [INFO]   股票列表 market=1  2200/2349
2026-03-10 18:54:14,905 [INFO]   股票列表 market=1  2300/2349
2026-03-10 18:54:15,407 [INFO]   股票列表 market=1  2349/2349
2026-03-10 18:54:15,408 [INFO] 股票列表完成，共 5234 只
2026-03-10 18:54:15,434 [INFO] 断点续传：跳过已完成 0 只
2026-03-10 18:54:15,438 [INFO] 待处理：5234 只
2026-03-10 18:55:22,611 [INFO]   进度 100/5234  成功:100  失败:0  已用:1.1min  预计剩余:57.5min
2026-03-10 18:56:31,645 [INFO]   进度 200/5234  成功:200  失败:0  已用:2.3min  预计剩余:57.1min
2026-03-10 18:57:43,434 [INFO]   进度 300/5234  成功:300  失败:0  已用:3.5min  预计剩余:57.0min
2026-03-10 18:59:03,241 [INFO]   进度 400/5234  成功:400  失败:0  已用:4.8min  预计剩余:58.0min
2026-03-10 19:00:06,057 [INFO]   进度 500/5234  成功:500  失败:0  已用:5.8min  预计剩余:55.3min
2026-03-10 19:01:21,295 [INFO]   进度 600/5234  成功:600  失败:0  已用:7.1min  预计剩余:54.8min
2026-03-10 19:02:41,451 [INFO]   进度 700/5234  成功:700  失败:0  已用:8.4min  预计剩余:54.6min
2026-03-10 19:04:03,008 [INFO]   进度 800/5234  成功:800  失败:0  已用:9.8min  预计剩余:54.3min
2026-03-10 19:05:30,887 [INFO]   进度 900/5234  成功:900  失败:0  已用:11.3min  预计剩余:54.2min
2026-03-10 19:07:28,110 [INFO]   进度 1000/5234  成功:1000  失败:0  已用:13.2min  预计剩余:55.9min
2026-03-10 19:08:59,102 [INFO]   进度 1100/5234  成功:1100  失败:0  已用:14.7min  预计剩余:55.3min
2026-03-10 19:10:54,418 [INFO]   进度 1200/5234  成功:1200  失败:0  已用:16.6min  预计剩余:56.0min
2026-03-10 19:12:41,183 [INFO]   进度 1300/5234  成功:1300  失败:0  已用:18.4min  预计剩余:55.8min
2026-03-10 19:14:23,057 [INFO]   进度 1400/5234  成功:1400  失败:0  已用:20.1min  预计剩余:55.1min
2026-03-10 19:15:54,493 [INFO]   进度 1500/5234  成功:1500  失败:0  已用:21.7min  预计剩余:53.9min
2026-03-10 19:18:05,287 [INFO]   进度 1600/5234  成功:1600  失败:0  已用:23.8min  预计剩余:54.1min
2026-03-10 19:20:03,231 [INFO]   进度 1700/5234  成功:1700  失败:0  已用:25.8min  预计剩余:53.6min
2026-03-10 19:21:50,280 [INFO]   进度 1800/5234  成功:1800  失败:0  已用:27.6min  预计剩余:52.6min
2026-03-10 19:24:39,088 [INFO]   进度 1900/5234  成功:1900  失败:0  已用:30.4min  预计剩余:53.3min
2026-03-10 19:28:37,571 [INFO]   进度 2000/5234  成功:2000  失败:0  已用:34.4min  预计剩余:55.6min
2026-03-10 19:29:59,339 [INFO]   进度 2100/5234  成功:2100  失败:0  已用:35.7min  预计剩余:53.3min
2026-03-10 19:31:13,009 [INFO]   进度 2200/5234  成功:2200  失败:0  已用:37.0min  预计剩余:51.0min
2026-03-10 19:32:28,489 [INFO]   进度 2300/5234  成功:2300  失败:0  已用:38.2min  预计剩余:48.8min
2026-03-10 19:33:44,362 [INFO]   进度 2400/5234  成功:2400  失败:0  已用:39.5min  预计剩余:46.6min
2026-03-10 19:34:59,088 [INFO]   进度 2500/5234  成功:2500  失败:0  已用:40.7min  预计剩余:44.5min
2026-03-10 19:36:12,444 [INFO]   进度 2600/5234  成功:2600  失败:0  已用:42.0min  预计剩余:42.5min
2026-03-10 19:37:26,627 [INFO]   进度 2700/5234  成功:2700  失败:0  已用:43.2min  预计剩余:40.5min
2026-03-10 19:38:37,786 [INFO]   进度 2800/5234  成功:2800  失败:0  已用:44.4min  预计剩余:38.6min
2026-03-10 19:39:48,099 [INFO]   进度 2900/5234  成功:2900  失败:0  已用:45.5min  预计剩余:36.7min
2026-03-10 19:41:57,214 [INFO]   进度 3000/5234  成功:3000  失败:0  已用:47.7min  预计剩余:35.5min
2026-03-10 19:43:13,970 [INFO]   进度 3100/5234  成功:3100  失败:0  已用:49.0min  预计剩余:33.7min
2026-03-10 19:44:42,982 [INFO]   进度 3200/5234  成功:3200  失败:0  已用:50.5min  预计剩余:32.1min
2026-03-10 19:46:01,829 [INFO]   进度 3300/5234  成功:3300  失败:0  已用:51.8min  预计剩余:30.3min
2026-03-10 19:49:06,035 [INFO]   进度 3400/5234  成功:3400  失败:0  已用:54.8min  预计剩余:29.6min
2026-03-10 19:52:09,040 [INFO]   进度 3500/5234  成功:3500  失败:0  已用:57.9min  预计剩余:28.7min
2026-03-10 19:54:44,130 [INFO]   进度 3600/5234  成功:3600  失败:0  已用:60.5min  预计剩余:27.5min
2026-03-10 19:57:27,320 [INFO]   进度 3700/5234  成功:3700  失败:0  已用:63.2min  预计剩余:26.2min
2026-03-10 19:59:36,014 [WARNING] Retrying (Retry(total=2, connect=None, read=None, redirect=None, status=None)) after connection broken by 'ReadTimeoutError("HTTPSConnectionPool(host='push2his.eastmoney.com', port=443): Read timed out. (read timeout=15)")': /api/qt/stock/kline/get?secid=1.601599&ut=8dec03ba335b81bf4ebdf7b29ec27d15&fields1=f1%2Cf2%2Cf3%2Cf4%2Cf5%2Cf6&fields2=f51%2Cf52%2Cf53%2Cf54%2Cf55%2Cf56%2Cf57%2Cf58%2Cf59%2Cf60%2Cf61&klt=101&fqt=1&beg=20100101&end=20260310&lmt=10000
2026-03-10 20:00:04,205 [INFO]   进度 3800/5234  成功:3800  失败:0  已用:65.8min  预计剩余:24.8min
2026-03-10 20:01:16,995 [INFO]   进度 3900/5234  成功:3900  失败:0  已用:67.0min  预计剩余:22.9min
2026-03-10 20:02:20,076 [INFO]   进度 4000/5234  成功:4000  失败:0  已用:68.1min  预计剩余:21.0min
2026-03-10 20:03:23,017 [INFO]   进度 4100/5234  成功:4100  失败:0  已用:69.1min  预计剩余:19.1min
2026-03-10 20:05:37,578 [INFO]   进度 4200/5234  成功:4200  失败:0  已用:71.4min  预计剩余:17.6min
2026-03-10 20:07:09,794 [INFO]   进度 4300/5234  成功:4300  失败:0  已用:72.9min  预计剩余:15.8min
2026-03-10 20:08:39,842 [INFO]   进度 4400/5234  成功:4400  失败:0  已用:74.4min  预计剩余:14.1min
2026-03-10 20:10:04,045 [INFO]   进度 4500/5234  成功:4500  失败:0  已用:75.8min  预计剩余:12.4min
2026-03-10 20:11:18,242 [INFO]   进度 4600/5234  成功:4600  失败:0  已用:77.0min  预计剩余:10.6min
2026-03-10 20:12:33,934 [INFO]   进度 4700/5234  成功:4700  失败:0  已用:78.3min  预计剩余:8.9min
2026-03-10 20:13:47,464 [INFO]   进度 4800/5234  成功:4800  失败:0  已用:79.5min  预计剩余:7.2min
2026-03-10 20:15:05,019 [INFO]   进度 4900/5234  成功:4900  失败:0  已用:80.8min  预计剩余:5.5min
2026-03-10 20:16:24,364 [INFO]   进度 5000/5234  成功:5000  失败:0  已用:82.1min  预计剩余:3.8min
2026-03-10 20:17:40,969 [INFO]   进度 5100/5234  成功:5100  失败:0  已用:83.4min  预计剩余:2.2min
2026-03-10 20:18:57,692 [INFO]   进度 5200/5234  成功:5200  失败:0  已用:84.7min  预计剩余:0.6min
2026-03-10 20:19:38,556 [INFO]   进度 5234/5234  成功:5234  失败:0  已用:85.4min  预计剩余:0.0min
2026-03-10 20:19:38,558 [INFO] 完成  耗时:85.4min  成功:5234  失败:0
